<?xml version="1.0" encoding="UTF-8"?>
<!-- Generated by org.testng.reporters.JUnitReportReporter -->
<testsuite hostname="Apurwa-PC" name="com.fastudent.login.Login" tests="1" failures="0" timestamp="20 May 2016 07:45:51 GMT" time="58.224" errors="0">
  <testcase name="LoginMethod" time="58.224" classname="com.fastudent.login.Login"/>
</testsuite> <!-- com.fastudent.login.Login -->
