<?xml version="1.0" encoding="UTF-8"?>
<!-- Generated by org.testng.reporters.JUnitReportReporter -->
<testsuite hostname="Apurwa-PC" name="com.fastudent.orderplacing.OrderPlace" tests="1" failures="0" timestamp="20 May 2016 07:45:51 GMT" time="0.000" errors="1">
  <testcase name="AddProduct" time="0.000" classname="com.fastudent.orderplacing.OrderPlace"/>
</testsuite> <!-- com.fastudent.orderplacing.OrderPlace -->
