<?xml version="1.0" encoding="UTF-8"?>
<!-- Generated by org.testng.reporters.JUnitReportReporter -->
<testsuite hostname="Apurwa-PC" name="com.fastudent.addproduct.Vocational" tests="1" failures="0" timestamp="20 May 2016 07:45:51 GMT" time="109.660" errors="0">
  <testcase name="AddProduct" time="109.660" classname="com.fastudent.addproduct.Vocational"/>
</testsuite> <!-- com.fastudent.addproduct.Vocational -->
